-------------------------------------------------------------------------------
Test set: com.sugelamei.MicroserviceConsumerMovieFeignHystrixTurbineMqApplicationTests
-------------------------------------------------------------------------------
Tests run: 3, Failures: 0, Errors: 3, Skipped: 0, Time elapsed: 0.033 s <<< FAILURE! - in com.sugelamei.MicroserviceConsumerMovieFeignHystrixTurbineMqApplicationTests
initializationError(com.sugelamei.MicroserviceConsumerMovieFeignHystrixTurbineMqApplicationTests)  Time elapsed: 0.004 s  <<< ERROR!
java.lang.Exception: The class com.sugelamei.MicroserviceConsumerMovieFeignHystrixTurbineMqApplicationTests is not public.

initializationError(com.sugelamei.MicroserviceConsumerMovieFeignHystrixTurbineMqApplicationTests)  Time elapsed: 0 s  <<< ERROR!
java.lang.Exception: Test class should have exactly one public constructor

initializationError(com.sugelamei.MicroserviceConsumerMovieFeignHystrixTurbineMqApplicationTests)  Time elapsed: 0 s  <<< ERROR!
java.lang.Exception: Method contextLoads() should be public

